<?xml version="1.0" encoding="UTF-8"?>
<testsuite xmlns:xsi="http://www.w3.org/2001/XMLSchema-instance" xsi:noNamespaceSchemaLocation="https://maven.apache.org/surefire/maven-surefire-plugin/xsd/surefire-test-report-3.0.xsd" version="3.0" name="com.cdx.spark.AppTest" time="0.016" tests="1" errors="0" skipped="0" failures="0">
  <properties>
    <property name="java.specification.version" value="17"/>
    <property name="sun.jnu.encoding" value="UTF-8"/>
    <property name="java.class.path" value="/Users/clementgibert/Project/spark-tester/spark-tester-java/target/test-classes:/Users/clementgibert/Project/spark-tester/spark-tester-java/target/classes:/Users/clementgibert/.m2/repository/org/apache/spark/spark-core_2.13/3.5.1/spark-core_2.13-3.5.1.jar:/Users/clementgibert/.m2/repository/org/scala-lang/modules/scala-parallel-collections_2.13/1.0.4/scala-parallel-collections_2.13-1.0.4.jar:/Users/clementgibert/.m2/repository/org/apache/avro/avro/1.11.2/avro-1.11.2.jar:/Users/clementgibert/.m2/repository/com/fasterxml/jackson/core/jackson-core/2.14.2/jackson-core-2.14.2.jar:/Users/clementgibert/.m2/repository/org/slf4j/slf4j-api/1.7.36/slf4j-api-1.7.36.jar:/Users/clementgibert/.m2/repository/org/apache/avro/avro-mapred/1.11.2/avro-mapred-1.11.2.jar:/Users/clementgibert/.m2/repository/org/apache/avro/avro-ipc/1.11.2/avro-ipc-1.11.2.jar:/Users/clementgibert/.m2/repository/org/tukaani/xz/1.9/xz-1.9.jar:/Users/clementgibert/.m2/repository/com/twitter/chill_2.13/0.10.0/chill_2.13-0.10.0.jar:/Users/clementgibert/.m2/repository/com/esotericsoftware/kryo-shaded/4.0.2/kryo-shaded-4.0.2.jar:/Users/clementgibert/.m2/repository/com/esotericsoftware/minlog/1.3.0/minlog-1.3.0.jar:/Users/clementgibert/.m2/repository/org/objenesis/objenesis/2.5.1/objenesis-2.5.1.jar:/Users/clementgibert/.m2/repository/com/twitter/chill-java/0.10.0/chill-java-0.10.0.jar:/Users/clementgibert/.m2/repository/org/apache/xbean/xbean-asm9-shaded/4.23/xbean-asm9-shaded-4.23.jar:/Users/clementgibert/.m2/repository/org/apache/hadoop/hadoop-client-api/3.3.4/hadoop-client-api-3.3.4.jar:/Users/clementgibert/.m2/repository/org/apache/hadoop/hadoop-client-runtime/3.3.4/hadoop-client-runtime-3.3.4.jar:/Users/clementgibert/.m2/repository/commons-logging/commons-logging/1.1.3/commons-logging-1.1.3.jar:/Users/clementgibert/.m2/repository/org/apache/spark/spark-launcher_2.13/3.5.1/spark-launcher_2.13-3.5.1.jar:/Users/clementgibert/.m2/repository/org/apache/spark/spark-kvstore_2.13/3.5.1/spark-kvstore_2.13-3.5.1.jar:/Users/clementgibert/.m2/repository/com/fasterxml/jackson/core/jackson-annotations/2.15.2/jackson-annotations-2.15.2.jar:/Users/clementgibert/.m2/repository/org/apache/spark/spark-network-common_2.13/3.5.1/spark-network-common_2.13-3.5.1.jar:/Users/clementgibert/.m2/repository/com/google/crypto/tink/tink/1.9.0/tink-1.9.0.jar:/Users/clementgibert/.m2/repository/com/google/code/gson/gson/2.10.1/gson-2.10.1.jar:/Users/clementgibert/.m2/repository/com/google/protobuf/protobuf-java/3.19.6/protobuf-java-3.19.6.jar:/Users/clementgibert/.m2/repository/joda-time/joda-time/2.12.5/joda-time-2.12.5.jar:/Users/clementgibert/.m2/repository/org/apache/spark/spark-network-shuffle_2.13/3.5.1/spark-network-shuffle_2.13-3.5.1.jar:/Users/clementgibert/.m2/repository/org/apache/spark/spark-unsafe_2.13/3.5.1/spark-unsafe_2.13-3.5.1.jar:/Users/clementgibert/.m2/repository/org/apache/spark/spark-common-utils_2.13/3.5.1/spark-common-utils_2.13-3.5.1.jar:/Users/clementgibert/.m2/repository/org/slf4j/jul-to-slf4j/2.0.7/jul-to-slf4j-2.0.7.jar:/Users/clementgibert/.m2/repository/org/slf4j/jcl-over-slf4j/2.0.7/jcl-over-slf4j-2.0.7.jar:/Users/clementgibert/.m2/repository/org/apache/logging/log4j/log4j-slf4j2-impl/2.20.0/log4j-slf4j2-impl-2.20.0.jar:/Users/clementgibert/.m2/repository/org/apache/logging/log4j/log4j-api/2.20.0/log4j-api-2.20.0.jar:/Users/clementgibert/.m2/repository/org/apache/logging/log4j/log4j-core/2.20.0/log4j-core-2.20.0.jar:/Users/clementgibert/.m2/repository/org/apache/logging/log4j/log4j-1.2-api/2.20.0/log4j-1.2-api-2.20.0.jar:/Users/clementgibert/.m2/repository/javax/activation/activation/1.1.1/activation-1.1.1.jar:/Users/clementgibert/.m2/repository/org/apache/curator/curator-recipes/2.13.0/curator-recipes-2.13.0.jar:/Users/clementgibert/.m2/repository/org/apache/curator/curator-framework/2.13.0/curator-framework-2.13.0.jar:/Users/clementgibert/.m2/repository/org/apache/curator/curator-client/2.13.0/curator-client-2.13.0.jar:/Users/clementgibert/.m2/repository/com/google/guava/guava/16.0.1/guava-16.0.1.jar:/Users/clementgibert/.m2/repository/org/apache/zookeeper/zookeeper/3.6.3/zookeeper-3.6.3.jar:/Users/clementgibert/.m2/repository/org/apache/zookeeper/zookeeper-jute/3.6.3/zookeeper-jute-3.6.3.jar:/Users/clementgibert/.m2/repository/org/apache/yetus/audience-annotations/0.5.0/audience-annotations-0.5.0.jar:/Users/clementgibert/.m2/repository/jakarta/servlet/jakarta.servlet-api/4.0.3/jakarta.servlet-api-4.0.3.jar:/Users/clementgibert/.m2/repository/commons-codec/commons-codec/1.16.0/commons-codec-1.16.0.jar:/Users/clementgibert/.m2/repository/org/apache/commons/commons-compress/1.23.0/commons-compress-1.23.0.jar:/Users/clementgibert/.m2/repository/org/apache/commons/commons-lang3/3.12.0/commons-lang3-3.12.0.jar:/Users/clementgibert/.m2/repository/org/apache/commons/commons-math3/3.6.1/commons-math3-3.6.1.jar:/Users/clementgibert/.m2/repository/org/apache/commons/commons-text/1.10.0/commons-text-1.10.0.jar:/Users/clementgibert/.m2/repository/commons-io/commons-io/2.13.0/commons-io-2.13.0.jar:/Users/clementgibert/.m2/repository/commons-collections/commons-collections/3.2.2/commons-collections-3.2.2.jar:/Users/clementgibert/.m2/repository/org/apache/commons/commons-collections4/4.4/commons-collections4-4.4.jar:/Users/clementgibert/.m2/repository/com/google/code/findbugs/jsr305/3.0.0/jsr305-3.0.0.jar:/Users/clementgibert/.m2/repository/com/ning/compress-lzf/1.1.2/compress-lzf-1.1.2.jar:/Users/clementgibert/.m2/repository/org/xerial/snappy/snappy-java/1.1.10.3/snappy-java-1.1.10.3.jar:/Users/clementgibert/.m2/repository/org/lz4/lz4-java/1.8.0/lz4-java-1.8.0.jar:/Users/clementgibert/.m2/repository/com/github/luben/zstd-jni/1.5.5-4/zstd-jni-1.5.5-4.jar:/Users/clementgibert/.m2/repository/org/roaringbitmap/RoaringBitmap/0.9.45/RoaringBitmap-0.9.45.jar:/Users/clementgibert/.m2/repository/org/roaringbitmap/shims/0.9.45/shims-0.9.45.jar:/Users/clementgibert/.m2/repository/org/scala-lang/modules/scala-xml_2.13/2.1.0/scala-xml_2.13-2.1.0.jar:/Users/clementgibert/.m2/repository/org/scala-lang/scala-library/2.13.8/scala-library-2.13.8.jar:/Users/clementgibert/.m2/repository/org/scala-lang/scala-reflect/2.13.8/scala-reflect-2.13.8.jar:/Users/clementgibert/.m2/repository/org/json4s/json4s-jackson_2.13/3.7.0-M11/json4s-jackson_2.13-3.7.0-M11.jar:/Users/clementgibert/.m2/repository/org/json4s/json4s-core_2.13/3.7.0-M11/json4s-core_2.13-3.7.0-M11.jar:/Users/clementgibert/.m2/repository/org/json4s/json4s-ast_2.13/3.7.0-M11/json4s-ast_2.13-3.7.0-M11.jar:/Users/clementgibert/.m2/repository/org/json4s/json4s-scalap_2.13/3.7.0-M11/json4s-scalap_2.13-3.7.0-M11.jar:/Users/clementgibert/.m2/repository/org/glassfish/jersey/core/jersey-client/2.40/jersey-client-2.40.jar:/Users/clementgibert/.m2/repository/jakarta/ws/rs/jakarta.ws.rs-api/2.1.6/jakarta.ws.rs-api-2.1.6.jar:/Users/clementgibert/.m2/repository/org/glassfish/hk2/external/jakarta.inject/2.6.1/jakarta.inject-2.6.1.jar:/Users/clementgibert/.m2/repository/org/glassfish/jersey/core/jersey-common/2.40/jersey-common-2.40.jar:/Users/clementgibert/.m2/repository/jakarta/annotation/jakarta.annotation-api/1.3.5/jakarta.annotation-api-1.3.5.jar:/Users/clementgibert/.m2/repository/org/glassfish/hk2/osgi-resource-locator/1.0.3/osgi-resource-locator-1.0.3.jar:/Users/clementgibert/.m2/repository/org/glassfish/jersey/core/jersey-server/2.40/jersey-server-2.40.jar:/Users/clementgibert/.m2/repository/jakarta/validation/jakarta.validation-api/2.0.2/jakarta.validation-api-2.0.2.jar:/Users/clementgibert/.m2/repository/org/glassfish/jersey/containers/jersey-container-servlet/2.40/jersey-container-servlet-2.40.jar:/Users/clementgibert/.m2/repository/org/glassfish/jersey/containers/jersey-container-servlet-core/2.40/jersey-container-servlet-core-2.40.jar:/Users/clementgibert/.m2/repository/org/glassfish/jersey/inject/jersey-hk2/2.40/jersey-hk2-2.40.jar:/Users/clementgibert/.m2/repository/org/glassfish/hk2/hk2-locator/2.6.1/hk2-locator-2.6.1.jar:/Users/clementgibert/.m2/repository/org/glassfish/hk2/external/aopalliance-repackaged/2.6.1/aopalliance-repackaged-2.6.1.jar:/Users/clementgibert/.m2/repository/org/glassfish/hk2/hk2-api/2.6.1/hk2-api-2.6.1.jar:/Users/clementgibert/.m2/repository/org/glassfish/hk2/hk2-utils/2.6.1/hk2-utils-2.6.1.jar:/Users/clementgibert/.m2/repository/org/javassist/javassist/3.29.2-GA/javassist-3.29.2-GA.jar:/Users/clementgibert/.m2/repository/io/netty/netty-all/4.1.96.Final/netty-all-4.1.96.Final.jar:/Users/clementgibert/.m2/repository/io/netty/netty-buffer/4.1.96.Final/netty-buffer-4.1.96.Final.jar:/Users/clementgibert/.m2/repository/io/netty/netty-codec/4.1.96.Final/netty-codec-4.1.96.Final.jar:/Users/clementgibert/.m2/repository/io/netty/netty-codec-http/4.1.96.Final/netty-codec-http-4.1.96.Final.jar:/Users/clementgibert/.m2/repository/io/netty/netty-codec-http2/4.1.96.Final/netty-codec-http2-4.1.96.Final.jar:/Users/clementgibert/.m2/repository/io/netty/netty-codec-socks/4.1.96.Final/netty-codec-socks-4.1.96.Final.jar:/Users/clementgibert/.m2/repository/io/netty/netty-common/4.1.96.Final/netty-common-4.1.96.Final.jar:/Users/clementgibert/.m2/repository/io/netty/netty-handler/4.1.96.Final/netty-handler-4.1.96.Final.jar:/Users/clementgibert/.m2/repository/io/netty/netty-transport-native-unix-common/4.1.96.Final/netty-transport-native-unix-common-4.1.96.Final.jar:/Users/clementgibert/.m2/repository/io/netty/netty-handler-proxy/4.1.96.Final/netty-handler-proxy-4.1.96.Final.jar:/Users/clementgibert/.m2/repository/io/netty/netty-resolver/4.1.96.Final/netty-resolver-4.1.96.Final.jar:/Users/clementgibert/.m2/repository/io/netty/netty-transport/4.1.96.Final/netty-transport-4.1.96.Final.jar:/Users/clementgibert/.m2/repository/io/netty/netty-transport-classes-epoll/4.1.96.Final/netty-transport-classes-epoll-4.1.96.Final.jar:/Users/clementgibert/.m2/repository/io/netty/netty-transport-classes-kqueue/4.1.96.Final/netty-transport-classes-kqueue-4.1.96.Final.jar:/Users/clementgibert/.m2/repository/io/netty/netty-transport-native-epoll/4.1.96.Final/netty-transport-native-epoll-4.1.96.Final-linux-x86_64.jar:/Users/clementgibert/.m2/repository/io/netty/netty-transport-native-epoll/4.1.96.Final/netty-transport-native-epoll-4.1.96.Final-linux-aarch_64.jar:/Users/clementgibert/.m2/repository/io/netty/netty-transport-native-kqueue/4.1.96.Final/netty-transport-native-kqueue-4.1.96.Final-osx-aarch_64.jar:/Users/clementgibert/.m2/repository/io/netty/netty-transport-native-kqueue/4.1.96.Final/netty-transport-native-kqueue-4.1.96.Final-osx-x86_64.jar:/Users/clementgibert/.m2/repository/com/clearspring/analytics/stream/2.9.6/stream-2.9.6.jar:/Users/clementgibert/.m2/repository/io/dropwizard/metrics/metrics-core/4.2.19/metrics-core-4.2.19.jar:/Users/clementgibert/.m2/repository/io/dropwizard/metrics/metrics-jvm/4.2.19/metrics-jvm-4.2.19.jar:/Users/clementgibert/.m2/repository/io/dropwizard/metrics/metrics-json/4.2.19/metrics-json-4.2.19.jar:/Users/clementgibert/.m2/repository/io/dropwizard/metrics/metrics-graphite/4.2.19/metrics-graphite-4.2.19.jar:/Users/clementgibert/.m2/repository/io/dropwizard/metrics/metrics-jmx/4.2.19/metrics-jmx-4.2.19.jar:/Users/clementgibert/.m2/repository/com/fasterxml/jackson/core/jackson-databind/2.15.2/jackson-databind-2.15.2.jar:/Users/clementgibert/.m2/repository/com/fasterxml/jackson/module/jackson-module-scala_2.13/2.15.2/jackson-module-scala_2.13-2.15.2.jar:/Users/clementgibert/.m2/repository/com/thoughtworks/paranamer/paranamer/2.8/paranamer-2.8.jar:/Users/clementgibert/.m2/repository/org/apache/ivy/ivy/2.5.1/ivy-2.5.1.jar:/Users/clementgibert/.m2/repository/oro/oro/2.0.8/oro-2.0.8.jar:/Users/clementgibert/.m2/repository/net/razorvine/pickle/1.3/pickle-1.3.jar:/Users/clementgibert/.m2/repository/net/sf/py4j/py4j/0.10.9.7/py4j-0.10.9.7.jar:/Users/clementgibert/.m2/repository/org/apache/spark/spark-tags_2.13/3.5.1/spark-tags_2.13-3.5.1.jar:/Users/clementgibert/.m2/repository/org/apache/commons/commons-crypto/1.1.0/commons-crypto-1.1.0.jar:/Users/clementgibert/.m2/repository/org/apache/spark/spark-sql_2.13/3.5.1/spark-sql_2.13-3.5.1.jar:/Users/clementgibert/.m2/repository/org/rocksdb/rocksdbjni/8.3.2/rocksdbjni-8.3.2.jar:/Users/clementgibert/.m2/repository/com/univocity/univocity-parsers/2.9.1/univocity-parsers-2.9.1.jar:/Users/clementgibert/.m2/repository/org/apache/spark/spark-sketch_2.13/3.5.1/spark-sketch_2.13-3.5.1.jar:/Users/clementgibert/.m2/repository/org/apache/spark/spark-catalyst_2.13/3.5.1/spark-catalyst_2.13-3.5.1.jar:/Users/clementgibert/.m2/repository/org/apache/spark/spark-sql-api_2.13/3.5.1/spark-sql-api_2.13-3.5.1.jar:/Users/clementgibert/.m2/repository/org/scala-lang/modules/scala-parser-combinators_2.13/2.3.0/scala-parser-combinators_2.13-2.3.0.jar:/Users/clementgibert/.m2/repository/org/antlr/antlr4-runtime/4.9.3/antlr4-runtime-4.9.3.jar:/Users/clementgibert/.m2/repository/org/apache/arrow/arrow-vector/12.0.1/arrow-vector-12.0.1.jar:/Users/clementgibert/.m2/repository/org/apache/arrow/arrow-format/12.0.1/arrow-format-12.0.1.jar:/Users/clementgibert/.m2/repository/org/apache/arrow/arrow-memory-core/12.0.1/arrow-memory-core-12.0.1.jar:/Users/clementgibert/.m2/repository/com/fasterxml/jackson/datatype/jackson-datatype-jsr310/2.15.1/jackson-datatype-jsr310-2.15.1.jar:/Users/clementgibert/.m2/repository/com/google/flatbuffers/flatbuffers-java/1.12.0/flatbuffers-java-1.12.0.jar:/Users/clementgibert/.m2/repository/org/apache/arrow/arrow-memory-netty/12.0.1/arrow-memory-netty-12.0.1.jar:/Users/clementgibert/.m2/repository/org/codehaus/janino/janino/3.1.9/janino-3.1.9.jar:/Users/clementgibert/.m2/repository/org/codehaus/janino/commons-compiler/3.1.9/commons-compiler-3.1.9.jar:/Users/clementgibert/.m2/repository/org/apache/datasketches/datasketches-java/3.3.0/datasketches-java-3.3.0.jar:/Users/clementgibert/.m2/repository/org/apache/datasketches/datasketches-memory/2.1.0/datasketches-memory-2.1.0.jar:/Users/clementgibert/.m2/repository/org/apache/orc/orc-core/1.9.2/orc-core-1.9.2-shaded-protobuf.jar:/Users/clementgibert/.m2/repository/org/apache/orc/orc-shims/1.9.2/orc-shims-1.9.2.jar:/Users/clementgibert/.m2/repository/io/airlift/aircompressor/0.25/aircompressor-0.25.jar:/Users/clementgibert/.m2/repository/org/jetbrains/annotations/17.0.0/annotations-17.0.0.jar:/Users/clementgibert/.m2/repository/org/threeten/threeten-extra/1.7.1/threeten-extra-1.7.1.jar:/Users/clementgibert/.m2/repository/org/apache/orc/orc-mapreduce/1.9.2/orc-mapreduce-1.9.2-shaded-protobuf.jar:/Users/clementgibert/.m2/repository/org/apache/hive/hive-storage-api/2.8.1/hive-storage-api-2.8.1.jar:/Users/clementgibert/.m2/repository/org/apache/parquet/parquet-column/1.13.1/parquet-column-1.13.1.jar:/Users/clementgibert/.m2/repository/org/apache/parquet/parquet-common/1.13.1/parquet-common-1.13.1.jar:/Users/clementgibert/.m2/repository/org/apache/parquet/parquet-encoding/1.13.1/parquet-encoding-1.13.1.jar:/Users/clementgibert/.m2/repository/org/apache/parquet/parquet-hadoop/1.13.1/parquet-hadoop-1.13.1.jar:/Users/clementgibert/.m2/repository/org/apache/parquet/parquet-format-structures/1.13.1/parquet-format-structures-1.13.1.jar:/Users/clementgibert/.m2/repository/org/apache/parquet/parquet-jackson/1.13.1/parquet-jackson-1.13.1.jar:/Users/clementgibert/.m2/repository/org/apache/spark/spark-streaming_2.13/3.5.1/spark-streaming_2.13-3.5.1.jar:/Users/clementgibert/.m2/repository/org/apache/hadoop/hadoop-hdfs/3.4.0/hadoop-hdfs-3.4.0.jar:/Users/clementgibert/.m2/repository/org/apache/hadoop/thirdparty/hadoop-shaded-guava/1.2.0/hadoop-shaded-guava-1.2.0.jar:/Users/clementgibert/.m2/repository/org/eclipse/jetty/jetty-server/9.4.53.v20231009/jetty-server-9.4.53.v20231009.jar:/Users/clementgibert/.m2/repository/org/eclipse/jetty/jetty-http/9.4.53.v20231009/jetty-http-9.4.53.v20231009.jar:/Users/clementgibert/.m2/repository/org/eclipse/jetty/jetty-io/9.4.53.v20231009/jetty-io-9.4.53.v20231009.jar:/Users/clementgibert/.m2/repository/org/eclipse/jetty/jetty-util/9.4.53.v20231009/jetty-util-9.4.53.v20231009.jar:/Users/clementgibert/.m2/repository/org/eclipse/jetty/jetty-util-ajax/9.4.53.v20231009/jetty-util-ajax-9.4.53.v20231009.jar:/Users/clementgibert/.m2/repository/com/sun/jersey/jersey-core/1.19.4/jersey-core-1.19.4.jar:/Users/clementgibert/.m2/repository/javax/ws/rs/jsr311-api/1.1.1/jsr311-api-1.1.1.jar:/Users/clementgibert/.m2/repository/com/sun/jersey/jersey-server/1.19.4/jersey-server-1.19.4.jar:/Users/clementgibert/.m2/repository/commons-cli/commons-cli/1.5.0/commons-cli-1.5.0.jar:/Users/clementgibert/.m2/repository/commons-daemon/commons-daemon/1.0.13/commons-daemon-1.0.13.jar:/Users/clementgibert/.m2/repository/ch/qos/reload4j/reload4j/1.2.22/reload4j-1.2.22.jar:/Users/clementgibert/.m2/repository/javax/servlet/javax.servlet-api/3.1.0/javax.servlet-api-3.1.0.jar:/Users/clementgibert/.m2/repository/org/fusesource/leveldbjni/leveldbjni-all/1.8/leveldbjni-all-1.8.jar:/Users/clementgibert/.m2/repository/org/apache/hadoop/hadoop-annotations/3.4.0/hadoop-annotations-3.4.0.jar:/Users/clementgibert/.m2/repository/org/apache/hadoop/hadoop-core/1.2.1/hadoop-core-1.2.1.jar:/Users/clementgibert/.m2/repository/xmlenc/xmlenc/0.52/xmlenc-0.52.jar:/Users/clementgibert/.m2/repository/com/sun/jersey/jersey-json/1.8/jersey-json-1.8.jar:/Users/clementgibert/.m2/repository/org/codehaus/jettison/jettison/1.1/jettison-1.1.jar:/Users/clementgibert/.m2/repository/stax/stax-api/1.0.1/stax-api-1.0.1.jar:/Users/clementgibert/.m2/repository/com/sun/xml/bind/jaxb-impl/2.2.3-1/jaxb-impl-2.2.3-1.jar:/Users/clementgibert/.m2/repository/javax/xml/bind/jaxb-api/2.2.2/jaxb-api-2.2.2.jar:/Users/clementgibert/.m2/repository/javax/xml/stream/stax-api/1.0-2/stax-api-1.0-2.jar:/Users/clementgibert/.m2/repository/org/codehaus/jackson/jackson-core-asl/1.7.1/jackson-core-asl-1.7.1.jar:/Users/clementgibert/.m2/repository/org/codehaus/jackson/jackson-jaxrs/1.7.1/jackson-jaxrs-1.7.1.jar:/Users/clementgibert/.m2/repository/org/codehaus/jackson/jackson-xc/1.7.1/jackson-xc-1.7.1.jar:/Users/clementgibert/.m2/repository/commons-httpclient/commons-httpclient/3.0.1/commons-httpclient-3.0.1.jar:/Users/clementgibert/.m2/repository/org/apache/commons/commons-math/2.1/commons-math-2.1.jar:/Users/clementgibert/.m2/repository/commons-configuration/commons-configuration/1.6/commons-configuration-1.6.jar:/Users/clementgibert/.m2/repository/commons-lang/commons-lang/2.4/commons-lang-2.4.jar:/Users/clementgibert/.m2/repository/commons-digester/commons-digester/1.8/commons-digester-1.8.jar:/Users/clementgibert/.m2/repository/commons-beanutils/commons-beanutils/1.7.0/commons-beanutils-1.7.0.jar:/Users/clementgibert/.m2/repository/commons-beanutils/commons-beanutils-core/1.8.0/commons-beanutils-core-1.8.0.jar:/Users/clementgibert/.m2/repository/commons-net/commons-net/1.4.1/commons-net-1.4.1.jar:/Users/clementgibert/.m2/repository/org/mortbay/jetty/jetty/6.1.26/jetty-6.1.26.jar:/Users/clementgibert/.m2/repository/org/mortbay/jetty/servlet-api/2.5-20081211/servlet-api-2.5-20081211.jar:/Users/clementgibert/.m2/repository/org/mortbay/jetty/jetty-util/6.1.26/jetty-util-6.1.26.jar:/Users/clementgibert/.m2/repository/tomcat/jasper-runtime/5.5.12/jasper-runtime-5.5.12.jar:/Users/clementgibert/.m2/repository/tomcat/jasper-compiler/5.5.12/jasper-compiler-5.5.12.jar:/Users/clementgibert/.m2/repository/org/mortbay/jetty/jsp-api-2.1/6.1.14/jsp-api-2.1-6.1.14.jar:/Users/clementgibert/.m2/repository/org/mortbay/jetty/servlet-api-2.5/6.1.14/servlet-api-2.5-6.1.14.jar:/Users/clementgibert/.m2/repository/org/mortbay/jetty/jsp-2.1/6.1.14/jsp-2.1-6.1.14.jar:/Users/clementgibert/.m2/repository/ant/ant/1.6.5/ant-1.6.5.jar:/Users/clementgibert/.m2/repository/commons-el/commons-el/1.0/commons-el-1.0.jar:/Users/clementgibert/.m2/repository/net/java/dev/jets3t/jets3t/0.6.1/jets3t-0.6.1.jar:/Users/clementgibert/.m2/repository/hsqldb/hsqldb/1.8.0.10/hsqldb-1.8.0.10.jar:/Users/clementgibert/.m2/repository/org/eclipse/jdt/core/3.1.1/core-3.1.1.jar:/Users/clementgibert/.m2/repository/org/codehaus/jackson/jackson-mapper-asl/1.8.8/jackson-mapper-asl-1.8.8.jar:/Users/clementgibert/.m2/repository/junit/junit/3.8.1/junit-3.8.1.jar:"/>
    <property name="java.vm.vendor" value="Homebrew"/>
    <property name="sun.arch.data.model" value="64"/>
    <property name="java.vendor.url" value="https://github.com/Homebrew/homebrew-core/issues"/>
    <property name="os.name" value="Mac OS X"/>
    <property name="java.vm.specification.version" value="17"/>
    <property name="sun.java.launcher" value="SUN_STANDARD"/>
    <property name="user.country" value="US"/>
    <property name="sun.boot.library.path" value="/opt/homebrew/Cellar/openjdk@17/17.0.11/libexec/openjdk.jdk/Contents/Home/lib"/>
    <property name="sun.java.command" value="/Users/clementgibert/Project/spark-tester/spark-tester-java/target/surefire/surefirebooter-20240616235417586_3.jar /Users/clementgibert/Project/spark-tester/spark-tester-java/target/surefire 2024-06-16T23-54-17_557-jvmRun1 surefire-20240616235417586_1tmp surefire_0-20240616235417586_2tmp"/>
    <property name="http.nonProxyHosts" value="local|*.local|169.254/16|*.169.254/16"/>
    <property name="jdk.debug" value="release"/>
    <property name="surefire.test.class.path" value="/Users/clementgibert/Project/spark-tester/spark-tester-java/target/test-classes:/Users/clementgibert/Project/spark-tester/spark-tester-java/target/classes:/Users/clementgibert/.m2/repository/org/apache/spark/spark-core_2.13/3.5.1/spark-core_2.13-3.5.1.jar:/Users/clementgibert/.m2/repository/org/scala-lang/modules/scala-parallel-collections_2.13/1.0.4/scala-parallel-collections_2.13-1.0.4.jar:/Users/clementgibert/.m2/repository/org/apache/avro/avro/1.11.2/avro-1.11.2.jar:/Users/clementgibert/.m2/repository/com/fasterxml/jackson/core/jackson-core/2.14.2/jackson-core-2.14.2.jar:/Users/clementgibert/.m2/repository/org/slf4j/slf4j-api/1.7.36/slf4j-api-1.7.36.jar:/Users/clementgibert/.m2/repository/org/apache/avro/avro-mapred/1.11.2/avro-mapred-1.11.2.jar:/Users/clementgibert/.m2/repository/org/apache/avro/avro-ipc/1.11.2/avro-ipc-1.11.2.jar:/Users/clementgibert/.m2/repository/org/tukaani/xz/1.9/xz-1.9.jar:/Users/clementgibert/.m2/repository/com/twitter/chill_2.13/0.10.0/chill_2.13-0.10.0.jar:/Users/clementgibert/.m2/repository/com/esotericsoftware/kryo-shaded/4.0.2/kryo-shaded-4.0.2.jar:/Users/clementgibert/.m2/repository/com/esotericsoftware/minlog/1.3.0/minlog-1.3.0.jar:/Users/clementgibert/.m2/repository/org/objenesis/objenesis/2.5.1/objenesis-2.5.1.jar:/Users/clementgibert/.m2/repository/com/twitter/chill-java/0.10.0/chill-java-0.10.0.jar:/Users/clementgibert/.m2/repository/org/apache/xbean/xbean-asm9-shaded/4.23/xbean-asm9-shaded-4.23.jar:/Users/clementgibert/.m2/repository/org/apache/hadoop/hadoop-client-api/3.3.4/hadoop-client-api-3.3.4.jar:/Users/clementgibert/.m2/repository/org/apache/hadoop/hadoop-client-runtime/3.3.4/hadoop-client-runtime-3.3.4.jar:/Users/clementgibert/.m2/repository/commons-logging/commons-logging/1.1.3/commons-logging-1.1.3.jar:/Users/clementgibert/.m2/repository/org/apache/spark/spark-launcher_2.13/3.5.1/spark-launcher_2.13-3.5.1.jar:/Users/clementgibert/.m2/repository/org/apache/spark/spark-kvstore_2.13/3.5.1/spark-kvstore_2.13-3.5.1.jar:/Users/clementgibert/.m2/repository/com/fasterxml/jackson/core/jackson-annotations/2.15.2/jackson-annotations-2.15.2.jar:/Users/clementgibert/.m2/repository/org/apache/spark/spark-network-common_2.13/3.5.1/spark-network-common_2.13-3.5.1.jar:/Users/clementgibert/.m2/repository/com/google/crypto/tink/tink/1.9.0/tink-1.9.0.jar:/Users/clementgibert/.m2/repository/com/google/code/gson/gson/2.10.1/gson-2.10.1.jar:/Users/clementgibert/.m2/repository/com/google/protobuf/protobuf-java/3.19.6/protobuf-java-3.19.6.jar:/Users/clementgibert/.m2/repository/joda-time/joda-time/2.12.5/joda-time-2.12.5.jar:/Users/clementgibert/.m2/repository/org/apache/spark/spark-network-shuffle_2.13/3.5.1/spark-network-shuffle_2.13-3.5.1.jar:/Users/clementgibert/.m2/repository/org/apache/spark/spark-unsafe_2.13/3.5.1/spark-unsafe_2.13-3.5.1.jar:/Users/clementgibert/.m2/repository/org/apache/spark/spark-common-utils_2.13/3.5.1/spark-common-utils_2.13-3.5.1.jar:/Users/clementgibert/.m2/repository/org/slf4j/jul-to-slf4j/2.0.7/jul-to-slf4j-2.0.7.jar:/Users/clementgibert/.m2/repository/org/slf4j/jcl-over-slf4j/2.0.7/jcl-over-slf4j-2.0.7.jar:/Users/clementgibert/.m2/repository/org/apache/logging/log4j/log4j-slf4j2-impl/2.20.0/log4j-slf4j2-impl-2.20.0.jar:/Users/clementgibert/.m2/repository/org/apache/logging/log4j/log4j-api/2.20.0/log4j-api-2.20.0.jar:/Users/clementgibert/.m2/repository/org/apache/logging/log4j/log4j-core/2.20.0/log4j-core-2.20.0.jar:/Users/clementgibert/.m2/repository/org/apache/logging/log4j/log4j-1.2-api/2.20.0/log4j-1.2-api-2.20.0.jar:/Users/clementgibert/.m2/repository/javax/activation/activation/1.1.1/activation-1.1.1.jar:/Users/clementgibert/.m2/repository/org/apache/curator/curator-recipes/2.13.0/curator-recipes-2.13.0.jar:/Users/clementgibert/.m2/repository/org/apache/curator/curator-framework/2.13.0/curator-framework-2.13.0.jar:/Users/clementgibert/.m2/repository/org/apache/curator/curator-client/2.13.0/curator-client-2.13.0.jar:/Users/clementgibert/.m2/repository/com/google/guava/guava/16.0.1/guava-16.0.1.jar:/Users/clementgibert/.m2/repository/org/apache/zookeeper/zookeeper/3.6.3/zookeeper-3.6.3.jar:/Users/clementgibert/.m2/repository/org/apache/zookeeper/zookeeper-jute/3.6.3/zookeeper-jute-3.6.3.jar:/Users/clementgibert/.m2/repository/org/apache/yetus/audience-annotations/0.5.0/audience-annotations-0.5.0.jar:/Users/clementgibert/.m2/repository/jakarta/servlet/jakarta.servlet-api/4.0.3/jakarta.servlet-api-4.0.3.jar:/Users/clementgibert/.m2/repository/commons-codec/commons-codec/1.16.0/commons-codec-1.16.0.jar:/Users/clementgibert/.m2/repository/org/apache/commons/commons-compress/1.23.0/commons-compress-1.23.0.jar:/Users/clementgibert/.m2/repository/org/apache/commons/commons-lang3/3.12.0/commons-lang3-3.12.0.jar:/Users/clementgibert/.m2/repository/org/apache/commons/commons-math3/3.6.1/commons-math3-3.6.1.jar:/Users/clementgibert/.m2/repository/org/apache/commons/commons-text/1.10.0/commons-text-1.10.0.jar:/Users/clementgibert/.m2/repository/commons-io/commons-io/2.13.0/commons-io-2.13.0.jar:/Users/clementgibert/.m2/repository/commons-collections/commons-collections/3.2.2/commons-collections-3.2.2.jar:/Users/clementgibert/.m2/repository/org/apache/commons/commons-collections4/4.4/commons-collections4-4.4.jar:/Users/clementgibert/.m2/repository/com/google/code/findbugs/jsr305/3.0.0/jsr305-3.0.0.jar:/Users/clementgibert/.m2/repository/com/ning/compress-lzf/1.1.2/compress-lzf-1.1.2.jar:/Users/clementgibert/.m2/repository/org/xerial/snappy/snappy-java/1.1.10.3/snappy-java-1.1.10.3.jar:/Users/clementgibert/.m2/repository/org/lz4/lz4-java/1.8.0/lz4-java-1.8.0.jar:/Users/clementgibert/.m2/repository/com/github/luben/zstd-jni/1.5.5-4/zstd-jni-1.5.5-4.jar:/Users/clementgibert/.m2/repository/org/roaringbitmap/RoaringBitmap/0.9.45/RoaringBitmap-0.9.45.jar:/Users/clementgibert/.m2/repository/org/roaringbitmap/shims/0.9.45/shims-0.9.45.jar:/Users/clementgibert/.m2/repository/org/scala-lang/modules/scala-xml_2.13/2.1.0/scala-xml_2.13-2.1.0.jar:/Users/clementgibert/.m2/repository/org/scala-lang/scala-library/2.13.8/scala-library-2.13.8.jar:/Users/clementgibert/.m2/repository/org/scala-lang/scala-reflect/2.13.8/scala-reflect-2.13.8.jar:/Users/clementgibert/.m2/repository/org/json4s/json4s-jackson_2.13/3.7.0-M11/json4s-jackson_2.13-3.7.0-M11.jar:/Users/clementgibert/.m2/repository/org/json4s/json4s-core_2.13/3.7.0-M11/json4s-core_2.13-3.7.0-M11.jar:/Users/clementgibert/.m2/repository/org/json4s/json4s-ast_2.13/3.7.0-M11/json4s-ast_2.13-3.7.0-M11.jar:/Users/clementgibert/.m2/repository/org/json4s/json4s-scalap_2.13/3.7.0-M11/json4s-scalap_2.13-3.7.0-M11.jar:/Users/clementgibert/.m2/repository/org/glassfish/jersey/core/jersey-client/2.40/jersey-client-2.40.jar:/Users/clementgibert/.m2/repository/jakarta/ws/rs/jakarta.ws.rs-api/2.1.6/jakarta.ws.rs-api-2.1.6.jar:/Users/clementgibert/.m2/repository/org/glassfish/hk2/external/jakarta.inject/2.6.1/jakarta.inject-2.6.1.jar:/Users/clementgibert/.m2/repository/org/glassfish/jersey/core/jersey-common/2.40/jersey-common-2.40.jar:/Users/clementgibert/.m2/repository/jakarta/annotation/jakarta.annotation-api/1.3.5/jakarta.annotation-api-1.3.5.jar:/Users/clementgibert/.m2/repository/org/glassfish/hk2/osgi-resource-locator/1.0.3/osgi-resource-locator-1.0.3.jar:/Users/clementgibert/.m2/repository/org/glassfish/jersey/core/jersey-server/2.40/jersey-server-2.40.jar:/Users/clementgibert/.m2/repository/jakarta/validation/jakarta.validation-api/2.0.2/jakarta.validation-api-2.0.2.jar:/Users/clementgibert/.m2/repository/org/glassfish/jersey/containers/jersey-container-servlet/2.40/jersey-container-servlet-2.40.jar:/Users/clementgibert/.m2/repository/org/glassfish/jersey/containers/jersey-container-servlet-core/2.40/jersey-container-servlet-core-2.40.jar:/Users/clementgibert/.m2/repository/org/glassfish/jersey/inject/jersey-hk2/2.40/jersey-hk2-2.40.jar:/Users/clementgibert/.m2/repository/org/glassfish/hk2/hk2-locator/2.6.1/hk2-locator-2.6.1.jar:/Users/clementgibert/.m2/repository/org/glassfish/hk2/external/aopalliance-repackaged/2.6.1/aopalliance-repackaged-2.6.1.jar:/Users/clementgibert/.m2/repository/org/glassfish/hk2/hk2-api/2.6.1/hk2-api-2.6.1.jar:/Users/clementgibert/.m2/repository/org/glassfish/hk2/hk2-utils/2.6.1/hk2-utils-2.6.1.jar:/Users/clementgibert/.m2/repository/org/javassist/javassist/3.29.2-GA/javassist-3.29.2-GA.jar:/Users/clementgibert/.m2/repository/io/netty/netty-all/4.1.96.Final/netty-all-4.1.96.Final.jar:/Users/clementgibert/.m2/repository/io/netty/netty-buffer/4.1.96.Final/netty-buffer-4.1.96.Final.jar:/Users/clementgibert/.m2/repository/io/netty/netty-codec/4.1.96.Final/netty-codec-4.1.96.Final.jar:/Users/clementgibert/.m2/repository/io/netty/netty-codec-http/4.1.96.Final/netty-codec-http-4.1.96.Final.jar:/Users/clementgibert/.m2/repository/io/netty/netty-codec-http2/4.1.96.Final/netty-codec-http2-4.1.96.Final.jar:/Users/clementgibert/.m2/repository/io/netty/netty-codec-socks/4.1.96.Final/netty-codec-socks-4.1.96.Final.jar:/Users/clementgibert/.m2/repository/io/netty/netty-common/4.1.96.Final/netty-common-4.1.96.Final.jar:/Users/clementgibert/.m2/repository/io/netty/netty-handler/4.1.96.Final/netty-handler-4.1.96.Final.jar:/Users/clementgibert/.m2/repository/io/netty/netty-transport-native-unix-common/4.1.96.Final/netty-transport-native-unix-common-4.1.96.Final.jar:/Users/clementgibert/.m2/repository/io/netty/netty-handler-proxy/4.1.96.Final/netty-handler-proxy-4.1.96.Final.jar:/Users/clementgibert/.m2/repository/io/netty/netty-resolver/4.1.96.Final/netty-resolver-4.1.96.Final.jar:/Users/clementgibert/.m2/repository/io/netty/netty-transport/4.1.96.Final/netty-transport-4.1.96.Final.jar:/Users/clementgibert/.m2/repository/io/netty/netty-transport-classes-epoll/4.1.96.Final/netty-transport-classes-epoll-4.1.96.Final.jar:/Users/clementgibert/.m2/repository/io/netty/netty-transport-classes-kqueue/4.1.96.Final/netty-transport-classes-kqueue-4.1.96.Final.jar:/Users/clementgibert/.m2/repository/io/netty/netty-transport-native-epoll/4.1.96.Final/netty-transport-native-epoll-4.1.96.Final-linux-x86_64.jar:/Users/clementgibert/.m2/repository/io/netty/netty-transport-native-epoll/4.1.96.Final/netty-transport-native-epoll-4.1.96.Final-linux-aarch_64.jar:/Users/clementgibert/.m2/repository/io/netty/netty-transport-native-kqueue/4.1.96.Final/netty-transport-native-kqueue-4.1.96.Final-osx-aarch_64.jar:/Users/clementgibert/.m2/repository/io/netty/netty-transport-native-kqueue/4.1.96.Final/netty-transport-native-kqueue-4.1.96.Final-osx-x86_64.jar:/Users/clementgibert/.m2/repository/com/clearspring/analytics/stream/2.9.6/stream-2.9.6.jar:/Users/clementgibert/.m2/repository/io/dropwizard/metrics/metrics-core/4.2.19/metrics-core-4.2.19.jar:/Users/clementgibert/.m2/repository/io/dropwizard/metrics/metrics-jvm/4.2.19/metrics-jvm-4.2.19.jar:/Users/clementgibert/.m2/repository/io/dropwizard/metrics/metrics-json/4.2.19/metrics-json-4.2.19.jar:/Users/clementgibert/.m2/repository/io/dropwizard/metrics/metrics-graphite/4.2.19/metrics-graphite-4.2.19.jar:/Users/clementgibert/.m2/repository/io/dropwizard/metrics/metrics-jmx/4.2.19/metrics-jmx-4.2.19.jar:/Users/clementgibert/.m2/repository/com/fasterxml/jackson/core/jackson-databind/2.15.2/jackson-databind-2.15.2.jar:/Users/clementgibert/.m2/repository/com/fasterxml/jackson/module/jackson-module-scala_2.13/2.15.2/jackson-module-scala_2.13-2.15.2.jar:/Users/clementgibert/.m2/repository/com/thoughtworks/paranamer/paranamer/2.8/paranamer-2.8.jar:/Users/clementgibert/.m2/repository/org/apache/ivy/ivy/2.5.1/ivy-2.5.1.jar:/Users/clementgibert/.m2/repository/oro/oro/2.0.8/oro-2.0.8.jar:/Users/clementgibert/.m2/repository/net/razorvine/pickle/1.3/pickle-1.3.jar:/Users/clementgibert/.m2/repository/net/sf/py4j/py4j/0.10.9.7/py4j-0.10.9.7.jar:/Users/clementgibert/.m2/repository/org/apache/spark/spark-tags_2.13/3.5.1/spark-tags_2.13-3.5.1.jar:/Users/clementgibert/.m2/repository/org/apache/commons/commons-crypto/1.1.0/commons-crypto-1.1.0.jar:/Users/clementgibert/.m2/repository/org/apache/spark/spark-sql_2.13/3.5.1/spark-sql_2.13-3.5.1.jar:/Users/clementgibert/.m2/repository/org/rocksdb/rocksdbjni/8.3.2/rocksdbjni-8.3.2.jar:/Users/clementgibert/.m2/repository/com/univocity/univocity-parsers/2.9.1/univocity-parsers-2.9.1.jar:/Users/clementgibert/.m2/repository/org/apache/spark/spark-sketch_2.13/3.5.1/spark-sketch_2.13-3.5.1.jar:/Users/clementgibert/.m2/repository/org/apache/spark/spark-catalyst_2.13/3.5.1/spark-catalyst_2.13-3.5.1.jar:/Users/clementgibert/.m2/repository/org/apache/spark/spark-sql-api_2.13/3.5.1/spark-sql-api_2.13-3.5.1.jar:/Users/clementgibert/.m2/repository/org/scala-lang/modules/scala-parser-combinators_2.13/2.3.0/scala-parser-combinators_2.13-2.3.0.jar:/Users/clementgibert/.m2/repository/org/antlr/antlr4-runtime/4.9.3/antlr4-runtime-4.9.3.jar:/Users/clementgibert/.m2/repository/org/apache/arrow/arrow-vector/12.0.1/arrow-vector-12.0.1.jar:/Users/clementgibert/.m2/repository/org/apache/arrow/arrow-format/12.0.1/arrow-format-12.0.1.jar:/Users/clementgibert/.m2/repository/org/apache/arrow/arrow-memory-core/12.0.1/arrow-memory-core-12.0.1.jar:/Users/clementgibert/.m2/repository/com/fasterxml/jackson/datatype/jackson-datatype-jsr310/2.15.1/jackson-datatype-jsr310-2.15.1.jar:/Users/clementgibert/.m2/repository/com/google/flatbuffers/flatbuffers-java/1.12.0/flatbuffers-java-1.12.0.jar:/Users/clementgibert/.m2/repository/org/apache/arrow/arrow-memory-netty/12.0.1/arrow-memory-netty-12.0.1.jar:/Users/clementgibert/.m2/repository/org/codehaus/janino/janino/3.1.9/janino-3.1.9.jar:/Users/clementgibert/.m2/repository/org/codehaus/janino/commons-compiler/3.1.9/commons-compiler-3.1.9.jar:/Users/clementgibert/.m2/repository/org/apache/datasketches/datasketches-java/3.3.0/datasketches-java-3.3.0.jar:/Users/clementgibert/.m2/repository/org/apache/datasketches/datasketches-memory/2.1.0/datasketches-memory-2.1.0.jar:/Users/clementgibert/.m2/repository/org/apache/orc/orc-core/1.9.2/orc-core-1.9.2-shaded-protobuf.jar:/Users/clementgibert/.m2/repository/org/apache/orc/orc-shims/1.9.2/orc-shims-1.9.2.jar:/Users/clementgibert/.m2/repository/io/airlift/aircompressor/0.25/aircompressor-0.25.jar:/Users/clementgibert/.m2/repository/org/jetbrains/annotations/17.0.0/annotations-17.0.0.jar:/Users/clementgibert/.m2/repository/org/threeten/threeten-extra/1.7.1/threeten-extra-1.7.1.jar:/Users/clementgibert/.m2/repository/org/apache/orc/orc-mapreduce/1.9.2/orc-mapreduce-1.9.2-shaded-protobuf.jar:/Users/clementgibert/.m2/repository/org/apache/hive/hive-storage-api/2.8.1/hive-storage-api-2.8.1.jar:/Users/clementgibert/.m2/repository/org/apache/parquet/parquet-column/1.13.1/parquet-column-1.13.1.jar:/Users/clementgibert/.m2/repository/org/apache/parquet/parquet-common/1.13.1/parquet-common-1.13.1.jar:/Users/clementgibert/.m2/repository/org/apache/parquet/parquet-encoding/1.13.1/parquet-encoding-1.13.1.jar:/Users/clementgibert/.m2/repository/org/apache/parquet/parquet-hadoop/1.13.1/parquet-hadoop-1.13.1.jar:/Users/clementgibert/.m2/repository/org/apache/parquet/parquet-format-structures/1.13.1/parquet-format-structures-1.13.1.jar:/Users/clementgibert/.m2/repository/org/apache/parquet/parquet-jackson/1.13.1/parquet-jackson-1.13.1.jar:/Users/clementgibert/.m2/repository/org/apache/spark/spark-streaming_2.13/3.5.1/spark-streaming_2.13-3.5.1.jar:/Users/clementgibert/.m2/repository/org/apache/hadoop/hadoop-hdfs/3.4.0/hadoop-hdfs-3.4.0.jar:/Users/clementgibert/.m2/repository/org/apache/hadoop/thirdparty/hadoop-shaded-guava/1.2.0/hadoop-shaded-guava-1.2.0.jar:/Users/clementgibert/.m2/repository/org/eclipse/jetty/jetty-server/9.4.53.v20231009/jetty-server-9.4.53.v20231009.jar:/Users/clementgibert/.m2/repository/org/eclipse/jetty/jetty-http/9.4.53.v20231009/jetty-http-9.4.53.v20231009.jar:/Users/clementgibert/.m2/repository/org/eclipse/jetty/jetty-io/9.4.53.v20231009/jetty-io-9.4.53.v20231009.jar:/Users/clementgibert/.m2/repository/org/eclipse/jetty/jetty-util/9.4.53.v20231009/jetty-util-9.4.53.v20231009.jar:/Users/clementgibert/.m2/repository/org/eclipse/jetty/jetty-util-ajax/9.4.53.v20231009/jetty-util-ajax-9.4.53.v20231009.jar:/Users/clementgibert/.m2/repository/com/sun/jersey/jersey-core/1.19.4/jersey-core-1.19.4.jar:/Users/clementgibert/.m2/repository/javax/ws/rs/jsr311-api/1.1.1/jsr311-api-1.1.1.jar:/Users/clementgibert/.m2/repository/com/sun/jersey/jersey-server/1.19.4/jersey-server-1.19.4.jar:/Users/clementgibert/.m2/repository/commons-cli/commons-cli/1.5.0/commons-cli-1.5.0.jar:/Users/clementgibert/.m2/repository/commons-daemon/commons-daemon/1.0.13/commons-daemon-1.0.13.jar:/Users/clementgibert/.m2/repository/ch/qos/reload4j/reload4j/1.2.22/reload4j-1.2.22.jar:/Users/clementgibert/.m2/repository/javax/servlet/javax.servlet-api/3.1.0/javax.servlet-api-3.1.0.jar:/Users/clementgibert/.m2/repository/org/fusesource/leveldbjni/leveldbjni-all/1.8/leveldbjni-all-1.8.jar:/Users/clementgibert/.m2/repository/org/apache/hadoop/hadoop-annotations/3.4.0/hadoop-annotations-3.4.0.jar:/Users/clementgibert/.m2/repository/org/apache/hadoop/hadoop-core/1.2.1/hadoop-core-1.2.1.jar:/Users/clementgibert/.m2/repository/xmlenc/xmlenc/0.52/xmlenc-0.52.jar:/Users/clementgibert/.m2/repository/com/sun/jersey/jersey-json/1.8/jersey-json-1.8.jar:/Users/clementgibert/.m2/repository/org/codehaus/jettison/jettison/1.1/jettison-1.1.jar:/Users/clementgibert/.m2/repository/stax/stax-api/1.0.1/stax-api-1.0.1.jar:/Users/clementgibert/.m2/repository/com/sun/xml/bind/jaxb-impl/2.2.3-1/jaxb-impl-2.2.3-1.jar:/Users/clementgibert/.m2/repository/javax/xml/bind/jaxb-api/2.2.2/jaxb-api-2.2.2.jar:/Users/clementgibert/.m2/repository/javax/xml/stream/stax-api/1.0-2/stax-api-1.0-2.jar:/Users/clementgibert/.m2/repository/org/codehaus/jackson/jackson-core-asl/1.7.1/jackson-core-asl-1.7.1.jar:/Users/clementgibert/.m2/repository/org/codehaus/jackson/jackson-jaxrs/1.7.1/jackson-jaxrs-1.7.1.jar:/Users/clementgibert/.m2/repository/org/codehaus/jackson/jackson-xc/1.7.1/jackson-xc-1.7.1.jar:/Users/clementgibert/.m2/repository/commons-httpclient/commons-httpclient/3.0.1/commons-httpclient-3.0.1.jar:/Users/clementgibert/.m2/repository/org/apache/commons/commons-math/2.1/commons-math-2.1.jar:/Users/clementgibert/.m2/repository/commons-configuration/commons-configuration/1.6/commons-configuration-1.6.jar:/Users/clementgibert/.m2/repository/commons-lang/commons-lang/2.4/commons-lang-2.4.jar:/Users/clementgibert/.m2/repository/commons-digester/commons-digester/1.8/commons-digester-1.8.jar:/Users/clementgibert/.m2/repository/commons-beanutils/commons-beanutils/1.7.0/commons-beanutils-1.7.0.jar:/Users/clementgibert/.m2/repository/commons-beanutils/commons-beanutils-core/1.8.0/commons-beanutils-core-1.8.0.jar:/Users/clementgibert/.m2/repository/commons-net/commons-net/1.4.1/commons-net-1.4.1.jar:/Users/clementgibert/.m2/repository/org/mortbay/jetty/jetty/6.1.26/jetty-6.1.26.jar:/Users/clementgibert/.m2/repository/org/mortbay/jetty/servlet-api/2.5-20081211/servlet-api-2.5-20081211.jar:/Users/clementgibert/.m2/repository/org/mortbay/jetty/jetty-util/6.1.26/jetty-util-6.1.26.jar:/Users/clementgibert/.m2/repository/tomcat/jasper-runtime/5.5.12/jasper-runtime-5.5.12.jar:/Users/clementgibert/.m2/repository/tomcat/jasper-compiler/5.5.12/jasper-compiler-5.5.12.jar:/Users/clementgibert/.m2/repository/org/mortbay/jetty/jsp-api-2.1/6.1.14/jsp-api-2.1-6.1.14.jar:/Users/clementgibert/.m2/repository/org/mortbay/jetty/servlet-api-2.5/6.1.14/servlet-api-2.5-6.1.14.jar:/Users/clementgibert/.m2/repository/org/mortbay/jetty/jsp-2.1/6.1.14/jsp-2.1-6.1.14.jar:/Users/clementgibert/.m2/repository/ant/ant/1.6.5/ant-1.6.5.jar:/Users/clementgibert/.m2/repository/commons-el/commons-el/1.0/commons-el-1.0.jar:/Users/clementgibert/.m2/repository/net/java/dev/jets3t/jets3t/0.6.1/jets3t-0.6.1.jar:/Users/clementgibert/.m2/repository/hsqldb/hsqldb/1.8.0.10/hsqldb-1.8.0.10.jar:/Users/clementgibert/.m2/repository/org/eclipse/jdt/core/3.1.1/core-3.1.1.jar:/Users/clementgibert/.m2/repository/org/codehaus/jackson/jackson-mapper-asl/1.8.8/jackson-mapper-asl-1.8.8.jar:/Users/clementgibert/.m2/repository/junit/junit/3.8.1/junit-3.8.1.jar:"/>
    <property name="sun.cpu.endian" value="little"/>
    <property name="user.home" value="/Users/clementgibert"/>
    <property name="user.language" value="en"/>
    <property name="java.specification.vendor" value="Oracle Corporation"/>
    <property name="java.version.date" value="2024-04-16"/>
    <property name="java.home" value="/opt/homebrew/Cellar/openjdk@17/17.0.11/libexec/openjdk.jdk/Contents/Home"/>
    <property name="file.separator" value="/"/>
    <property name="basedir" value="/Users/clementgibert/Project/spark-tester/spark-tester-java"/>
    <property name="java.vm.compressedOopsMode" value="Zero based"/>
    <property name="line.separator" value="&#10;"/>
    <property name="java.specification.name" value="Java Platform API Specification"/>
    <property name="java.vm.specification.vendor" value="Oracle Corporation"/>
    <property name="surefire.real.class.path" value="/Users/clementgibert/Project/spark-tester/spark-tester-java/target/surefire/surefirebooter-20240616235417586_3.jar"/>
    <property name="sun.management.compiler" value="HotSpot 64-Bit Tiered Compilers"/>
    <property name="ftp.nonProxyHosts" value="local|*.local|169.254/16|*.169.254/16"/>
    <property name="java.runtime.version" value="17.0.11+0"/>
    <property name="user.name" value="clementgibert"/>
    <property name="path.separator" value=":"/>
    <property name="os.version" value="14.5"/>
    <property name="java.runtime.name" value="OpenJDK Runtime Environment"/>
    <property name="file.encoding" value="UTF-8"/>
    <property name="java.vm.name" value="OpenJDK 64-Bit Server VM"/>
    <property name="java.vendor.version" value="Homebrew"/>
    <property name="localRepository" value="/Users/clementgibert/.m2/repository"/>
    <property name="java.vendor.url.bug" value="https://github.com/Homebrew/homebrew-core/issues"/>
    <property name="java.io.tmpdir" value="/var/folders/m8/lymmtx6j6218ybbtnzvmtbvw0000gn/T/"/>
    <property name="java.version" value="17.0.11"/>
    <property name="user.dir" value="/Users/clementgibert/Project/spark-tester/spark-tester-java"/>
    <property name="os.arch" value="aarch64"/>
    <property name="java.vm.specification.name" value="Java Virtual Machine Specification"/>
    <property name="native.encoding" value="UTF-8"/>
    <property name="java.library.path" value="/Users/clementgibert/Library/Java/Extensions:/Library/Java/Extensions:/Network/Library/Java/Extensions:/System/Library/Java/Extensions:/usr/lib/java:."/>
    <property name="java.vm.info" value="mixed mode, sharing"/>
    <property name="java.vendor" value="Homebrew"/>
    <property name="java.vm.version" value="17.0.11+0"/>
    <property name="sun.io.unicode.encoding" value="UnicodeBig"/>
    <property name="socksNonProxyHosts" value="local|*.local|169.254/16|*.169.254/16"/>
    <property name="java.class.version" value="61.0"/>
  </properties>
  <testcase name="testApp" classname="com.cdx.spark.AppTest" time="0.001"/>
</testsuite>